[23-Feb-2016 08:25:57 UTC] PHP Warning:  PHP Startup: Unable to load dynamic library '/opt/lib/php/sqlite.so' - /opt/lib/php/sqlite.so: cannot open shared object file: No such file or directory in Unknown on line 0
[23-Feb-2016 08:25:57 UTC] PHP Warning:  Module 'curl' already loaded in Unknown on line 0
[23-Feb-2016 08:25:57 UTC] PHP Warning:  Module 'gd' already loaded in Unknown on line 0
[23-Feb-2016 08:25:57 UTC] PHP Warning:  Module 'iconv' already loaded in Unknown on line 0
[23-Feb-2016 08:25:57 UTC] PHP Warning:  Module 'sqlite3' already loaded in Unknown on line 0
[23-Feb-2016 08:43:23 UTC] PHP Warning:  PHP Startup: Unable to load dynamic library '/opt/lib/php/sqlite.so' - /opt/lib/php/sqlite.so: cannot open shared object file: No such file or directory in Unknown on line 0
[23-Feb-2016 08:43:23 UTC] PHP Warning:  Module 'curl' already loaded in Unknown on line 0
[23-Feb-2016 08:43:23 UTC] PHP Warning:  Module 'gd' already loaded in Unknown on line 0
[23-Feb-2016 08:43:23 UTC] PHP Warning:  Module 'iconv' already loaded in Unknown on line 0
[23-Feb-2016 08:43:23 UTC] PHP Warning:  Module 'sqlite3' already loaded in Unknown on line 0
[23-Feb-2016 08:59:36 UTC] PHP Warning:  PHP Startup: Unable to load dynamic library '/opt/lib/php/sqlite.so' - /opt/lib/php/sqlite.so: cannot open shared object file: No such file or directory in Unknown on line 0
[23-Feb-2016 08:59:36 UTC] PHP Warning:  Module 'curl' already loaded in Unknown on line 0
[23-Feb-2016 08:59:36 UTC] PHP Warning:  Module 'gd' already loaded in Unknown on line 0
[23-Feb-2016 08:59:36 UTC] PHP Warning:  Module 'iconv' already loaded in Unknown on line 0
[23-Feb-2016 08:59:36 UTC] PHP Warning:  Module 'sqlite3' already loaded in Unknown on line 0
[23-Feb-2016 09:09:04 UTC] PHP Warning:  PHP Startup: Unable to load dynamic library '/opt/lib/php/sqlite.so' - /opt/lib/php/sqlite.so: cannot open shared object file: No such file or directory in Unknown on line 0
[23-Feb-2016 09:09:04 UTC] PHP Warning:  Module 'curl' already loaded in Unknown on line 0
[23-Feb-2016 09:09:04 UTC] PHP Warning:  Module 'gd' already loaded in Unknown on line 0
[23-Feb-2016 09:09:04 UTC] PHP Warning:  Module 'iconv' already loaded in Unknown on line 0
[23-Feb-2016 09:09:04 UTC] PHP Warning:  Module 'sqlite3' already loaded in Unknown on line 0
[23-Feb-2016 09:11:15 UTC] PHP Warning:  PHP Startup: Unable to load dynamic library '/opt/lib/php/sqlite.so' - /opt/lib/php/sqlite.so: cannot open shared object file: No such file or directory in Unknown on line 0
[23-Feb-2016 09:11:15 UTC] PHP Warning:  Module 'curl' already loaded in Unknown on line 0
[23-Feb-2016 09:11:15 UTC] PHP Warning:  Module 'gd' already loaded in Unknown on line 0
[23-Feb-2016 09:11:15 UTC] PHP Warning:  Module 'iconv' already loaded in Unknown on line 0
[23-Feb-2016 09:11:15 UTC] PHP Warning:  Module 'sqlite3' already loaded in Unknown on line 0
[23-Feb-2016 09:13:07 UTC] PHP Warning:  PHP Startup: Unable to load dynamic library '/opt/lib/php/sqlite.so' - /opt/lib/php/sqlite.so: cannot open shared object file: No such file or directory in Unknown on line 0
[23-Feb-2016 09:13:07 UTC] PHP Warning:  Module 'curl' already loaded in Unknown on line 0
[23-Feb-2016 09:13:07 UTC] PHP Warning:  Module 'gd' already loaded in Unknown on line 0
[23-Feb-2016 09:13:07 UTC] PHP Warning:  Module 'iconv' already loaded in Unknown on line 0
[23-Feb-2016 09:13:07 UTC] PHP Warning:  Module 'sqlite3' already loaded in Unknown on line 0
[23-Feb-2016 09:15:45 UTC] PHP Warning:  PHP Startup: Unable to load dynamic library '/opt/lib/php/sqlite.so' - /opt/lib/php/sqlite.so: cannot open shared object file: No such file or directory in Unknown on line 0
[23-Feb-2016 09:15:45 UTC] PHP Warning:  Module 'curl' already loaded in Unknown on line 0
[23-Feb-2016 09:15:45 UTC] PHP Warning:  Module 'gd' already loaded in Unknown on line 0
[23-Feb-2016 09:15:45 UTC] PHP Warning:  Module 'iconv' already loaded in Unknown on line 0
[23-Feb-2016 09:15:45 UTC] PHP Warning:  Module 'sqlite3' already loaded in Unknown on line 0
[23-Feb-2016 09:18:22 UTC] PHP Warning:  PHP Startup: Unable to load dynamic library '/opt/lib/php/sqlite.so' - /opt/lib/php/sqlite.so: cannot open shared object file: No such file or directory in Unknown on line 0
[23-Feb-2016 09:18:22 UTC] PHP Warning:  Module 'curl' already loaded in Unknown on line 0
[23-Feb-2016 09:18:22 UTC] PHP Warning:  Module 'gd' already loaded in Unknown on line 0
[23-Feb-2016 09:18:22 UTC] PHP Warning:  Module 'iconv' already loaded in Unknown on line 0
[23-Feb-2016 09:18:22 UTC] PHP Warning:  Module 'sqlite3' already loaded in Unknown on line 0
[23-Feb-2016 09:31:29 UTC] PHP Warning:  PHP Startup: Unable to load dynamic library '/opt/lib/php/sqlite.so' - /opt/lib/php/sqlite.so: cannot open shared object file: No such file or directory in Unknown on line 0
[23-Feb-2016 09:31:29 UTC] PHP Warning:  Module 'curl' already loaded in Unknown on line 0
[23-Feb-2016 09:31:29 UTC] PHP Warning:  Module 'gd' already loaded in Unknown on line 0
[23-Feb-2016 09:31:29 UTC] PHP Warning:  Module 'iconv' already loaded in Unknown on line 0
[23-Feb-2016 09:31:29 UTC] PHP Warning:  Module 'sqlite3' already loaded in Unknown on line 0
[23-Feb-2016 09:36:57 UTC] PHP Warning:  PHP Startup: Unable to load dynamic library '/opt/lib/php/sqlite.so' - /opt/lib/php/sqlite.so: cannot open shared object file: No such file or directory in Unknown on line 0
[23-Feb-2016 09:36:57 UTC] PHP Warning:  Module 'curl' already loaded in Unknown on line 0
[23-Feb-2016 09:36:57 UTC] PHP Warning:  Module 'gd' already loaded in Unknown on line 0
[23-Feb-2016 09:36:57 UTC] PHP Warning:  Module 'iconv' already loaded in Unknown on line 0
[23-Feb-2016 09:36:57 UTC] PHP Warning:  Module 'sqlite3' already loaded in Unknown on line 0
[23-Feb-2016 09:50:15 UTC] PHP Warning:  PHP Startup: Unable to load dynamic library '/opt/lib/php/sqlite.so' - /opt/lib/php/sqlite.so: cannot open shared object file: No such file or directory in Unknown on line 0
[23-Feb-2016 09:50:15 UTC] PHP Warning:  Module 'curl' already loaded in Unknown on line 0
[23-Feb-2016 09:50:15 UTC] PHP Warning:  Module 'gd' already loaded in Unknown on line 0
[23-Feb-2016 09:50:15 UTC] PHP Warning:  Module 'iconv' already loaded in Unknown on line 0
[23-Feb-2016 09:50:15 UTC] PHP Warning:  Module 'sqlite3' already loaded in Unknown on line 0
[23-Feb-2016 10:15:29 UTC] PHP Warning:  PHP Startup: Unable to load dynamic library '/opt/lib/php/sqlite.so' - /opt/lib/php/sqlite.so: cannot open shared object file: No such file or directory in Unknown on line 0
[23-Feb-2016 10:15:29 UTC] PHP Warning:  Module 'curl' already loaded in Unknown on line 0
[23-Feb-2016 10:15:29 UTC] PHP Warning:  Module 'gd' already loaded in Unknown on line 0
[23-Feb-2016 10:15:29 UTC] PHP Warning:  Module 'iconv' already loaded in Unknown on line 0
[23-Feb-2016 10:15:29 UTC] PHP Warning:  Module 'sqlite3' already loaded in Unknown on line 0
[23-Feb-2016 12:52:40 UTC] PHP Warning:  PHP Startup: Unable to load dynamic library '/opt/lib/php/sqlite.so' - /opt/lib/php/sqlite.so: cannot open shared object file: No such file or directory in Unknown on line 0
[23-Feb-2016 12:52:40 UTC] PHP Warning:  Module 'curl' already loaded in Unknown on line 0
[23-Feb-2016 12:52:40 UTC] PHP Warning:  Module 'gd' already loaded in Unknown on line 0
[23-Feb-2016 12:52:40 UTC] PHP Warning:  Module 'iconv' already loaded in Unknown on line 0
[23-Feb-2016 12:52:40 UTC] PHP Warning:  Module 'sqlite3' already loaded in Unknown on line 0
[23-Feb-2016 12:56:41 UTC] PHP Warning:  PHP Startup: Unable to load dynamic library '/opt/lib/php/sqlite.so' - /opt/lib/php/sqlite.so: cannot open shared object file: No such file or directory in Unknown on line 0
[23-Feb-2016 12:56:41 UTC] PHP Warning:  Module 'curl' already loaded in Unknown on line 0
[23-Feb-2016 12:56:41 UTC] PHP Warning:  Module 'gd' already loaded in Unknown on line 0
[23-Feb-2016 12:56:41 UTC] PHP Warning:  Module 'iconv' already loaded in Unknown on line 0
[23-Feb-2016 12:56:41 UTC] PHP Warning:  Module 'sqlite3' already loaded in Unknown on line 0
[24-Feb-2016 09:25:47 UTC] PHP Warning:  PHP Startup: Unable to load dynamic library '/opt/lib/php/sqlite.so' - /opt/lib/php/sqlite.so: cannot open shared object file: No such file or directory in Unknown on line 0
[24-Feb-2016 09:25:47 UTC] PHP Warning:  Module 'curl' already loaded in Unknown on line 0
[24-Feb-2016 09:25:47 UTC] PHP Warning:  Module 'gd' already loaded in Unknown on line 0
[24-Feb-2016 09:25:47 UTC] PHP Warning:  Module 'iconv' already loaded in Unknown on line 0
[24-Feb-2016 09:25:47 UTC] PHP Warning:  Module 'sqlite3' already loaded in Unknown on line 0
[25-Feb-2016 00:18:48 UTC] PHP Warning:  PHP Startup: Unable to load dynamic library '/opt/lib/php/sqlite.so' - /opt/lib/php/sqlite.so: cannot open shared object file: No such file or directory in Unknown on line 0
[25-Feb-2016 00:18:48 UTC] PHP Warning:  Module 'curl' already loaded in Unknown on line 0
[25-Feb-2016 00:18:48 UTC] PHP Warning:  Module 'gd' already loaded in Unknown on line 0
[25-Feb-2016 00:18:48 UTC] PHP Warning:  Module 'iconv' already loaded in Unknown on line 0
[25-Feb-2016 00:18:48 UTC] PHP Warning:  Module 'sqlite3' already loaded in Unknown on line 0
[25-Feb-2016 00:27:25 UTC] PHP Warning:  PHP Startup: Unable to load dynamic library '/opt/lib/php/sqlite.so' - /opt/lib/php/sqlite.so: cannot open shared object file: No such file or directory in Unknown on line 0
[25-Feb-2016 00:27:25 UTC] PHP Warning:  Module 'curl' already loaded in Unknown on line 0
[25-Feb-2016 00:27:25 UTC] PHP Warning:  Module 'gd' already loaded in Unknown on line 0
[25-Feb-2016 00:27:25 UTC] PHP Warning:  Module 'iconv' already loaded in Unknown on line 0
[25-Feb-2016 00:27:26 UTC] PHP Warning:  Module 'sqlite3' already loaded in Unknown on line 0
[25-Feb-2016 00:30:44 UTC] PHP Warning:  PHP Startup: Unable to load dynamic library '/opt/lib/php/sqlite.so' - /opt/lib/php/sqlite.so: cannot open shared object file: No such file or directory in Unknown on line 0
[25-Feb-2016 00:30:44 UTC] PHP Warning:  Module 'curl' already loaded in Unknown on line 0
[25-Feb-2016 00:30:44 UTC] PHP Warning:  Module 'gd' already loaded in Unknown on line 0
[25-Feb-2016 00:30:44 UTC] PHP Warning:  Module 'iconv' already loaded in Unknown on line 0
[25-Feb-2016 00:30:44 UTC] PHP Warning:  Module 'sqlite3' already loaded in Unknown on line 0
[25-Feb-2016 00:32:35 UTC] PHP Warning:  PHP Startup: Unable to load dynamic library '/opt/lib/php/sqlite.so' - /opt/lib/php/sqlite.so: cannot open shared object file: No such file or directory in Unknown on line 0
[25-Feb-2016 00:32:35 UTC] PHP Warning:  Module 'curl' already loaded in Unknown on line 0
[25-Feb-2016 00:32:35 UTC] PHP Warning:  Module 'gd' already loaded in Unknown on line 0
[25-Feb-2016 00:32:35 UTC] PHP Warning:  Module 'iconv' already loaded in Unknown on line 0
[25-Feb-2016 00:32:35 UTC] PHP Warning:  Module 'sqlite3' already loaded in Unknown on line 0
[25-Feb-2016 00:35:59 UTC] PHP Warning:  PHP Startup: Unable to load dynamic library '/opt/lib/php/sqlite.so' - /opt/lib/php/sqlite.so: cannot open shared object file: No such file or directory in Unknown on line 0
[25-Feb-2016 00:35:59 UTC] PHP Warning:  Module 'curl' already loaded in Unknown on line 0
[25-Feb-2016 00:35:59 UTC] PHP Warning:  Module 'gd' already loaded in Unknown on line 0
[25-Feb-2016 00:35:59 UTC] PHP Warning:  Module 'iconv' already loaded in Unknown on line 0
[25-Feb-2016 00:35:59 UTC] PHP Warning:  Module 'sqlite3' already loaded in Unknown on line 0
[25-Feb-2016 01:05:25 UTC] PHP Warning:  PHP Startup: Unable to load dynamic library '/opt/lib/php/sqlite.so' - /opt/lib/php/sqlite.so: cannot open shared object file: No such file or directory in Unknown on line 0
[25-Feb-2016 01:05:25 UTC] PHP Warning:  Module 'curl' already loaded in Unknown on line 0
[25-Feb-2016 01:05:25 UTC] PHP Warning:  Module 'gd' already loaded in Unknown on line 0
[25-Feb-2016 01:05:25 UTC] PHP Warning:  Module 'iconv' already loaded in Unknown on line 0
[25-Feb-2016 01:05:25 UTC] PHP Warning:  Module 'sqlite3' already loaded in Unknown on line 0
[25-Feb-2016 01:18:29 UTC] PHP Warning:  PHP Startup: Unable to load dynamic library '/opt/lib/php/sqlite.so' - /opt/lib/php/sqlite.so: cannot open shared object file: No such file or directory in Unknown on line 0
[25-Feb-2016 01:18:29 UTC] PHP Warning:  Module 'curl' already loaded in Unknown on line 0
[25-Feb-2016 01:18:29 UTC] PHP Warning:  Module 'gd' already loaded in Unknown on line 0
[25-Feb-2016 01:18:29 UTC] PHP Warning:  Module 'iconv' already loaded in Unknown on line 0
[25-Feb-2016 01:18:29 UTC] PHP Warning:  Module 'sqlite3' already loaded in Unknown on line 0
[25-Feb-2016 08:50:16 UTC] PHP Warning:  PHP Startup: Unable to load dynamic library '/opt/lib/php/sqlite.so' - /opt/lib/php/sqlite.so: cannot open shared object file: No such file or directory in Unknown on line 0
[25-Feb-2016 08:50:16 UTC] PHP Warning:  Module 'curl' already loaded in Unknown on line 0
[25-Feb-2016 08:50:16 UTC] PHP Warning:  Module 'gd' already loaded in Unknown on line 0
[25-Feb-2016 08:50:16 UTC] PHP Warning:  Module 'iconv' already loaded in Unknown on line 0
[25-Feb-2016 08:50:16 UTC] PHP Warning:  Module 'sqlite3' already loaded in Unknown on line 0
[25-Feb-2016 08:50:28 UTC] {"reqId":"EswqifoqwciuaEH+xKdY","remoteAddr":"106.37.165.146","app":"PHP","message":"touch(): Unable to create file \/mnt\/hd750\/owncloud8\/data\/owncloud.log because No such file or directory at \/mnt\/hd750\/owncloud8\/lib\/private\/log\/owncloud.php#53","level":3,"time":"2016-02-25T08:50:28+00:00"}
[25-Feb-2016 08:50:33 UTC] {"reqId":"JO\/vSnNIumnRLMyDf+Ci","remoteAddr":"106.37.165.146","app":"PHP","message":"touch(): Unable to create file \/mnt\/hd750\/owncloud8\/data\/owncloud.log because No such file or directory at \/mnt\/hd750\/owncloud8\/lib\/private\/log\/owncloud.php#53","level":3,"time":"2016-02-25T08:50:33+00:00"}
[25-Feb-2016 08:50:34 UTC] {"reqId":"elL7BY5+G+UT0dKRs7\/l","remoteAddr":"106.37.165.146","app":"PHP","message":"touch(): Unable to create file \/mnt\/hd750\/owncloud8\/data\/owncloud.log because No such file or directory at \/mnt\/hd750\/owncloud8\/lib\/private\/log\/owncloud.php#53","level":3,"time":"2016-02-25T08:50:34+00:00"}
[25-Feb-2016 08:50:36 UTC] {"reqId":"5m83+NOcDfNgkmrGpoww","remoteAddr":"106.37.165.146","app":"PHP","message":"touch(): Unable to create file \/mnt\/hd750\/owncloud8\/data\/owncloud.log because No such file or directory at \/mnt\/hd750\/owncloud8\/lib\/private\/log\/owncloud.php#53","level":3,"time":"2016-02-25T08:50:36+00:00"}
[25-Feb-2016 08:50:39 UTC] {"reqId":"8CzN2y61XimHWdn3OOPP","remoteAddr":"106.37.165.146","app":"PHP","message":"touch(): Unable to create file \/mnt\/hd750\/owncloud8\/data\/owncloud.log because No such file or directory at \/mnt\/hd750\/owncloud8\/lib\/private\/log\/owncloud.php#53","level":3,"time":"2016-02-25T08:50:39+00:00"}
[25-Feb-2016 08:51:04 UTC] {"reqId":"GxVilHkGTuJ47ZDJgNH5","remoteAddr":"106.37.165.146","app":"PHP","message":"touch(): Unable to create file \/mnt\/hd750\/owncloud8\/data\/owncloud.log because No such file or directory at \/mnt\/hd750\/owncloud8\/lib\/private\/log\/owncloud.php#53","level":3,"time":"2016-02-25T08:51:04+00:00"}
[25-Feb-2016 08:51:34 UTC] {"reqId":"CpMsY+AeU9+emgibGndo","remoteAddr":"106.37.165.146","app":"PHP","message":"touch(): Unable to create file \/mnt\/hd750\/owncloud8\/data\/owncloud.log because No such file or directory at \/mnt\/hd750\/owncloud8\/lib\/private\/log\/owncloud.php#53","level":3,"time":"2016-02-25T08:51:34+00:00"}
[25-Feb-2016 08:52:04 UTC] {"reqId":"vkPp2\/cjDXEW4N3+L1BM","remoteAddr":"106.37.165.146","app":"PHP","message":"touch(): Unable to create file \/mnt\/hd750\/owncloud8\/data\/owncloud.log because No such file or directory at \/mnt\/hd750\/owncloud8\/lib\/private\/log\/owncloud.php#53","level":3,"time":"2016-02-25T08:52:04+00:00"}
[25-Feb-2016 08:52:34 UTC] {"reqId":"lYaf7q\/enlNiDP9PEUMV","remoteAddr":"106.37.165.146","app":"PHP","message":"touch(): Unable to create file \/mnt\/hd750\/owncloud8\/data\/owncloud.log because No such file or directory at \/mnt\/hd750\/owncloud8\/lib\/private\/log\/owncloud.php#53","level":3,"time":"2016-02-25T08:52:34+00:00"}
[25-Feb-2016 08:53:04 UTC] {"reqId":"tZQTjSS8c3zS5KmcP600","remoteAddr":"106.37.165.146","app":"PHP","message":"touch(): Unable to create file \/mnt\/hd750\/owncloud8\/data\/owncloud.log because No such file or directory at \/mnt\/hd750\/owncloud8\/lib\/private\/log\/owncloud.php#53","level":3,"time":"2016-02-25T08:53:04+00:00"}
[25-Feb-2016 08:53:34 UTC] {"reqId":"G6wzY8rWdMBMaJ+6\/69R","remoteAddr":"106.37.165.146","app":"PHP","message":"touch(): Unable to create file \/mnt\/hd750\/owncloud8\/data\/owncloud.log because No such file or directory at \/mnt\/hd750\/owncloud8\/lib\/private\/log\/owncloud.php#53","level":3,"time":"2016-02-25T08:53:34+00:00"}
[25-Feb-2016 08:54:04 UTC] {"reqId":"nifVa88t1X3jiKxXlPb4","remoteAddr":"106.37.165.146","app":"PHP","message":"touch(): Unable to create file \/mnt\/hd750\/owncloud8\/data\/owncloud.log because No such file or directory at \/mnt\/hd750\/owncloud8\/lib\/private\/log\/owncloud.php#53","level":3,"time":"2016-02-25T08:54:04+00:00"}
[25-Feb-2016 08:54:34 UTC] {"reqId":"3\/Ce+pV+8Oi2vXEkoVKi","remoteAddr":"106.37.165.146","app":"PHP","message":"touch(): Unable to create file \/mnt\/hd750\/owncloud8\/data\/owncloud.log because No such file or directory at \/mnt\/hd750\/owncloud8\/lib\/private\/log\/owncloud.php#53","level":3,"time":"2016-02-25T08:54:34+00:00"}
[25-Feb-2016 08:55:04 UTC] {"reqId":"TMk2C3FTqijba7b8tqNt","remoteAddr":"106.37.165.146","app":"PHP","message":"touch(): Unable to create file \/mnt\/hd750\/owncloud8\/data\/owncloud.log because No such file or directory at \/mnt\/hd750\/owncloud8\/lib\/private\/log\/owncloud.php#53","level":3,"time":"2016-02-25T08:55:04+00:00"}
[25-Feb-2016 08:55:34 UTC] {"reqId":"6+mQFwyLsEurpwBs21fj","remoteAddr":"106.37.165.146","app":"PHP","message":"touch(): Unable to create file \/mnt\/hd750\/owncloud8\/data\/owncloud.log because No such file or directory at \/mnt\/hd750\/owncloud8\/lib\/private\/log\/owncloud.php#53","level":3,"time":"2016-02-25T08:55:34+00:00"}
[25-Feb-2016 08:56:04 UTC] {"reqId":"2G20FBGpyJowJW4v33JJ","remoteAddr":"106.37.165.146","app":"PHP","message":"touch(): Unable to create file \/mnt\/hd750\/owncloud8\/data\/owncloud.log because No such file or directory at \/mnt\/hd750\/owncloud8\/lib\/private\/log\/owncloud.php#53","level":3,"time":"2016-02-25T08:56:04+00:00"}
[25-Feb-2016 08:56:34 UTC] {"reqId":"kJdgA5O8fxblvI4NNfZv","remoteAddr":"106.37.165.146","app":"PHP","message":"touch(): Unable to create file \/mnt\/hd750\/owncloud8\/data\/owncloud.log because No such file or directory at \/mnt\/hd750\/owncloud8\/lib\/private\/log\/owncloud.php#53","level":3,"time":"2016-02-25T08:56:34+00:00"}
[25-Feb-2016 08:57:04 UTC] {"reqId":"MlVIHjpup39O\/3D1mAjV","remoteAddr":"106.37.165.146","app":"PHP","message":"touch(): Unable to create file \/mnt\/hd750\/owncloud8\/data\/owncloud.log because No such file or directory at \/mnt\/hd750\/owncloud8\/lib\/private\/log\/owncloud.php#53","level":3,"time":"2016-02-25T08:57:04+00:00"}
[25-Feb-2016 08:57:34 UTC] {"reqId":"W1Jd45wbj4BG18hUjU+Q","remoteAddr":"106.37.165.146","app":"PHP","message":"touch(): Unable to create file \/mnt\/hd750\/owncloud8\/data\/owncloud.log because No such file or directory at \/mnt\/hd750\/owncloud8\/lib\/private\/log\/owncloud.php#53","level":3,"time":"2016-02-25T08:57:34+00:00"}
[25-Feb-2016 08:59:09 UTC] PHP Warning:  PHP Startup: Unable to load dynamic library '/opt/lib/php/sqlite.so' - /opt/lib/php/sqlite.so: cannot open shared object file: No such file or directory in Unknown on line 0
[25-Feb-2016 08:59:09 UTC] PHP Warning:  Module 'curl' already loaded in Unknown on line 0
[25-Feb-2016 08:59:09 UTC] PHP Warning:  Module 'gd' already loaded in Unknown on line 0
[25-Feb-2016 08:59:09 UTC] PHP Warning:  Module 'iconv' already loaded in Unknown on line 0
[25-Feb-2016 08:59:09 UTC] PHP Warning:  Module 'sqlite3' already loaded in Unknown on line 0
[25-Feb-2016 08:59:43 UTC] creating sqlite db
