2016-02-21 17:34:30: (log.c.164) server started 
2016-02-22 21:52:06: (log.c.164) server started 
2016-02-22 21:54:09: (server.c.1563) server stopped by UID = 0 PID = 29498 
2016-02-22 21:54:19: (server.c.1553) unlink failed for: /opt/var/run/lighttpd.pid 2 No such file or directory 
2016-02-22 21:54:19: (server.c.1563) server stopped by UID = 0 PID = 29498 
2016-02-22 21:54:36: (log.c.164) server started 
2016-02-22 22:32:01: (server.c.1563) server stopped by UID = 0 PID = 29498 
2016-02-22 22:37:21: (log.c.164) server started 
2016-02-22 23:17:47: (mod_fastcgi.c.1745) connect failed: Connection refused on unix:/opt/tmp/php.socket-0 
2016-02-22 23:17:47: (mod_fastcgi.c.2864) backend died; we'll disable it for 1 seconds and send the request to another backend instead: reconnects: 0 load: 1 
2016-02-22 23:18:55: (server.c.1563) server stopped by UID = 0 PID = 29498 
2016-02-22 23:19:19: (log.c.164) server started 
2016-02-22 23:26:37: (network_writev.c.266) toSend is negative: -524272 532576468992 1048560 0 
2016-02-22 23:26:37: (network_writev.c.293) write failed: Bad address 8 
2016-02-22 23:26:37: (mod_fastcgi.c.2937) write failed: Bad address 14 
2016-02-22 23:27:14: (network_writev.c.266) toSend is negative: -524272 4295491584 1048560 0 
2016-02-22 23:27:14: (network_writev.c.293) write failed: Bad address 8 
2016-02-22 23:27:14: (mod_fastcgi.c.2937) write failed: Bad address 14 
2016-02-22 23:27:14: (network_writev.c.266) toSend is negative: -524272 4295491584 1048560 0 
2016-02-22 23:27:14: (network_writev.c.293) write failed: Bad address 12 
2016-02-22 23:27:14: (mod_fastcgi.c.2937) write failed: Bad address 14 
2016-02-22 23:27:15: (network_writev.c.266) toSend is negative: -524272 4295491584 1048560 0 
2016-02-22 23:27:15: (network_writev.c.293) write failed: Bad address 16 
2016-02-22 23:27:15: (mod_fastcgi.c.2937) write failed: Bad address 14 
2016-02-22 23:33:44: (mod_fastcgi.c.1745) connect failed: Connection refused on unix:/opt/tmp/php.socket-0 
2016-02-22 23:33:44: (mod_fastcgi.c.2864) backend died; we'll disable it for 1 seconds and send the request to another backend instead: reconnects: 0 load: 1 
2016-02-22 23:35:24: (network_writev.c.266) toSend is negative: -524272 1082332282880 1048560 0 
2016-02-22 23:35:24: (network_writev.c.293) write failed: Bad address 8 
2016-02-22 23:35:24: (mod_fastcgi.c.2937) write failed: Bad address 14 
2016-02-22 23:35:45: (network_writev.c.266) toSend is negative: -524272 4295491584 1048560 0 
2016-02-22 23:35:45: (network_writev.c.293) write failed: Bad address 9 
2016-02-22 23:35:45: (mod_fastcgi.c.2937) write failed: Bad address 14 
2016-02-22 23:38:17: (network_writev.c.266) toSend is negative: -65527 4295491584 589815 0 
2016-02-22 23:38:17: (network_writev.c.293) write failed: Bad address 10 
2016-02-22 23:38:17: (mod_fastcgi.c.2937) write failed: Bad address 14 
2016-02-22 23:39:26: (mod_fastcgi.c.1745) connect failed: Connection refused on unix:/opt/tmp/php.socket-0 
2016-02-22 23:39:26: (mod_fastcgi.c.2864) backend died; we'll disable it for 1 seconds and send the request to another backend instead: reconnects: 0 load: 1 
2016-02-22 23:39:38: (network_writev.c.266) toSend is negative: -65527 1082332282880 589815 0 
2016-02-22 23:39:38: (network_writev.c.293) write failed: Bad address 10 
2016-02-22 23:39:38: (mod_fastcgi.c.2937) write failed: Bad address 14 
2016-02-22 23:39:57: (network_writev.c.266) toSend is negative: -524272 4295491584 1048560 0 
2016-02-22 23:39:57: (network_writev.c.293) write failed: Bad address 10 
2016-02-22 23:39:57: (mod_fastcgi.c.2937) write failed: Bad address 14 
2016-02-22 23:42:18: (network_writev.c.266) toSend is negative: -65527 4295491584 589815 0 
2016-02-22 23:42:18: (network_writev.c.293) write failed: Bad address 10 
2016-02-22 23:42:18: (mod_fastcgi.c.2937) write failed: Bad address 14 
2016-02-22 23:46:31: (network_writev.c.266) toSend is negative: -65527 5989847088484581376 589815 0 
2016-02-22 23:46:31: (network_writev.c.293) write failed: Bad address 10 
2016-02-22 23:46:31: (mod_fastcgi.c.2937) write failed: Bad address 14 
2016-02-22 23:47:20: (network_writev.c.266) toSend is negative: -524272 4295491584 1048560 0 
2016-02-22 23:47:20: (network_writev.c.293) write failed: Bad address 8 
2016-02-22 23:47:20: (mod_fastcgi.c.2937) write failed: Bad address 14 
2016-02-22 23:49:31: (network_writev.c.266) toSend is negative: -524272 4295491584 1048560 0 
2016-02-22 23:49:31: (network_writev.c.293) write failed: Bad address 11 
2016-02-22 23:49:31: (mod_fastcgi.c.2937) write failed: Bad address 14 
2016-02-22 23:49:47: (network_writev.c.266) toSend is negative: -524272 4295491584 1048560 0 
2016-02-22 23:49:47: (network_writev.c.293) write failed: Bad address 11 
2016-02-22 23:49:47: (mod_fastcgi.c.2937) write failed: Bad address 14 
2016-02-22 23:52:56: (network_writev.c.266) toSend is negative: -65527 4295491584 589815 0 
2016-02-22 23:52:56: (network_writev.c.293) write failed: Bad address 10 
2016-02-22 23:52:56: (mod_fastcgi.c.2937) write failed: Bad address 14 
2016-02-22 23:57:59: (server.c.1563) server stopped by UID = 0 PID = 29498 
2016-02-23 00:00:16: (log.c.164) server started 
2016-02-23 00:01:19: (network_writev.c.266) toSend is negative: -65527 728512353271808 589815 0 
2016-02-23 00:01:19: (network_writev.c.293) write failed: Bad address 10 
2016-02-23 00:01:19: (mod_fastcgi.c.2937) write failed: Bad address 14 
2016-02-23 00:01:40: (server.c.1563) server stopped by UID = 0 PID = 29498 
2016-02-23 00:02:21: (log.c.164) server started 
2016-02-23 00:02:52: (network_writev.c.266) toSend is negative: -524272 532576468992 1048560 0 
2016-02-23 00:02:52: (network_writev.c.293) write failed: Bad address 7 
2016-02-23 00:02:52: (mod_fastcgi.c.2937) write failed: Bad address 14 
2016-02-23 00:03:19: (network_writev.c.266) toSend is negative: -524272 4295491584 1048560 0 
2016-02-23 00:03:19: (network_writev.c.293) write failed: Bad address 10 
2016-02-23 00:03:19: (mod_fastcgi.c.2937) write failed: Bad address 14 
2016-02-23 00:04:49: (network_writev.c.266) toSend is negative: -524272 4295491584 1048560 0 
2016-02-23 00:04:49: (network_writev.c.293) write failed: Bad address 8 
2016-02-23 00:04:49: (mod_fastcgi.c.2937) write failed: Bad address 14 
2016-02-23 00:06:08: (server.c.1563) server stopped by UID = 0 PID = 29498 
2016-02-23 00:06:23: (log.c.164) server started 
2016-02-23 00:06:43: (network_writev.c.266) toSend is negative: -524272 532576468992 1048560 0 
2016-02-23 00:06:43: (network_writev.c.293) write failed: Bad address 7 
2016-02-23 00:06:43: (mod_fastcgi.c.2937) write failed: Bad address 14 
2016-02-23 00:10:34: (server.c.1563) server stopped by UID = 0 PID = 29498 
2016-02-23 00:10:43: (log.c.164) server started 
2016-02-23 00:11:09: (network_writev.c.266) toSend is negative: -524272 532576468992 1048560 0 
2016-02-23 00:11:09: (network_writev.c.293) write failed: Bad address 8 
2016-02-23 00:11:09: (mod_fastcgi.c.2937) write failed: Bad address 14 
2016-02-23 00:11:51: (network_writev.c.266) toSend is negative: -65527 4295491584 589815 0 
2016-02-23 00:11:51: (network_writev.c.293) write failed: Bad address 16 
2016-02-23 00:11:51: (mod_fastcgi.c.2937) write failed: Bad address 14 
2016-02-23 08:35:14: (network_writev.c.266) toSend is negative: -524272 4295491584 1048560 0 
2016-02-23 08:35:14: (network_writev.c.293) write failed: Bad address 6 
2016-02-23 08:35:14: (mod_fastcgi.c.2937) write failed: Bad address 14 
2016-02-23 08:37:46: (network_writev.c.266) toSend is negative: -524272 4295491584 1048560 0 
2016-02-23 08:37:46: (network_writev.c.293) write failed: Bad address 6 
2016-02-23 08:37:46: (mod_fastcgi.c.2937) write failed: Bad address 14 
2016-02-23 08:40:06: (server.c.1563) server stopped by UID = 0 PID = 31605 
2016-02-23 08:40:23: (log.c.164) server started 
2016-02-23 08:40:23: (server.c.1044) WARNING: unknown config-key: server.read-timeout (ignored) 
2016-02-23 08:40:23: (server.c.1044) WARNING: unknown config-key: server.max-connection-idle (ignored) 
2016-02-23 08:41:10: (network_writev.c.266) toSend is negative: -524272 532576468992 1048560 0 
2016-02-23 08:41:10: (network_writev.c.293) write failed: Bad address 6 
2016-02-23 08:41:10: (mod_fastcgi.c.2937) write failed: Bad address 14 
2016-02-23 08:42:11: (server.c.1563) server stopped by UID = 0 PID = 31605 
2016-02-23 08:42:14: (log.c.164) server started 
2016-02-23 08:42:14: (server.c.1044) WARNING: unknown config-key: server.read-timeout (ignored) 
2016-02-23 08:42:14: (server.c.1044) WARNING: unknown config-key: server.max-connection-idle (ignored) 
2016-02-23 08:42:23: (network_writev.c.266) toSend is negative: -524272 532576468992 1048560 0 
2016-02-23 08:42:23: (network_writev.c.293) write failed: Bad address 8 
2016-02-23 08:42:23: (mod_fastcgi.c.2937) write failed: Bad address 14 
2016-02-23 08:42:52: (server.c.1563) server stopped by UID = 0 PID = 31605 
2016-02-23 08:42:55: (log.c.164) server started 
2016-02-23 08:42:55: (server.c.1044) WARNING: unknown config-key: server.read-timeout (ignored) 
2016-02-23 08:42:55: (server.c.1044) WARNING: unknown config-key: server.max-connection-idle (ignored) 
2016-02-23 08:43:02: (network_writev.c.266) toSend is negative: -524272 532576468992 1048560 0 
2016-02-23 08:43:02: (network_writev.c.293) write failed: Bad address 8 
2016-02-23 08:43:02: (mod_fastcgi.c.2937) write failed: Bad address 14 
2016-02-23 08:44:11: (server.c.1563) server stopped by UID = 0 PID = 31605 
2016-02-23 08:44:14: (log.c.164) server started 
2016-02-23 08:44:14: (server.c.1044) WARNING: unknown config-key: server.read-timeout (ignored) 
2016-02-23 08:44:14: (server.c.1044) WARNING: unknown config-key: server.max-connection-idle (ignored) 
2016-02-23 08:44:28: (network_writev.c.266) toSend is negative: -524272 532576468992 1048560 0 
2016-02-23 08:44:28: (network_writev.c.293) write failed: Bad address 8 
2016-02-23 08:44:28: (mod_fastcgi.c.2937) write failed: Bad address 14 
2016-02-23 08:46:33: (server.c.1563) server stopped by UID = 0 PID = 31605 
2016-02-23 08:46:36: (log.c.164) server started 
2016-02-23 08:46:36: (server.c.1044) WARNING: unknown config-key: server.read-timeout (ignored) 
2016-02-23 08:46:36: (server.c.1044) WARNING: unknown config-key: server.max-connection-idle (ignored) 
2016-02-23 08:46:48: (chunk.c.461) denying upload as opening temp-file for upload failed: No such file or directory 
2016-02-23 08:46:52: (chunk.c.461) denying upload as opening temp-file for upload failed: No such file or directory 
2016-02-23 08:46:52: (chunk.c.461) denying upload as opening temp-file for upload failed: No such file or directory 
2016-02-23 08:47:18: (network_writev.c.266) toSend is negative: -524272 -8727555437336461312 1048560 0 
2016-02-23 08:47:18: (network_writev.c.293) write failed: Bad address 8 
2016-02-23 08:47:18: (mod_fastcgi.c.2937) write failed: Bad address 14 
2016-02-23 08:49:17: (network_writev.c.266) toSend is negative: -524272 4295491584 1048560 0 
2016-02-23 08:49:17: (network_writev.c.293) write failed: Bad address 11 
2016-02-23 08:49:17: (mod_fastcgi.c.2937) write failed: Bad address 14 
2016-02-23 08:50:47: (server.c.1563) server stopped by UID = 0 PID = 31605 
2016-02-23 08:51:01: (log.c.164) server started 
2016-02-23 08:51:01: (server.c.1044) WARNING: unknown config-key: server.read-timeout (ignored) 
2016-02-23 08:51:01: (server.c.1044) WARNING: unknown config-key: server.max-connection-idle (ignored) 
2016-02-23 08:52:22: (network_writev.c.266) toSend is negative: -524272 532576468992 1048560 0 
2016-02-23 08:52:22: (network_writev.c.293) write failed: Bad address 8 
2016-02-23 08:52:22: (mod_fastcgi.c.2937) write failed: Bad address 14 
2016-02-23 12:40:45: (network_writev.c.266) toSend is negative: -524272 4295491584 1048560 0 
2016-02-23 12:40:45: (network_writev.c.293) write failed: Bad address 8 
2016-02-23 12:40:45: (mod_fastcgi.c.2937) write failed: Bad address 14 
2016-02-23 14:06:56: (server.c.1563) server stopped by UID = 0 PID = 32022 
2016-02-23 14:07:11: (log.c.164) server started 
2016-02-23 14:07:11: (server.c.1044) WARNING: unknown config-key: server.read-timeout (ignored) 
2016-02-23 14:07:11: (server.c.1044) WARNING: unknown config-key: server.max-connection-idle (ignored) 
2016-02-23 14:07:36: (network_writev.c.266) toSend is negative: -524272 532576468992 1048560 0 
2016-02-23 14:07:36: (network_writev.c.293) write failed: Bad address 7 
2016-02-23 14:07:36: (mod_fastcgi.c.2937) write failed: Bad address 14 
2016-02-23 15:43:55: (server.c.1563) server stopped by UID = 0 PID = 32124 
2016-02-23 15:48:38: (log.c.164) server started 
2016-02-23 15:48:38: (server.c.1044) WARNING: unknown config-key: server.read-timeout (ignored) 
2016-02-23 15:48:38: (server.c.1044) WARNING: unknown config-key: server.max-connection-idle (ignored) 
2016-02-23 15:48:59: (network_writev.c.266) toSend is negative: -524272 532576468992 1048560 0 
2016-02-23 15:48:59: (network_writev.c.293) write failed: Bad address 8 
2016-02-23 15:48:59: (mod_fastcgi.c.2937) write failed: Bad address 14 
2016-02-23 15:51:33: (network_writev.c.266) toSend is negative: -262132 4295491584 786420 0 
2016-02-23 15:51:33: (network_writev.c.293) write failed: Bad address 8 
2016-02-23 15:51:33: (mod_fastcgi.c.2937) write failed: Bad address 14 
2016-02-23 15:53:42: (network_writev.c.266) toSend is negative: -65527 4295491584 589815 0 
2016-02-23 15:53:42: (network_writev.c.293) write failed: Bad address 8 
2016-02-23 15:53:42: (mod_fastcgi.c.2937) write failed: Bad address 14 
2016-02-23 15:55:27: (network_writev.c.266) toSend is negative: -524272 4295491584 1048560 0 
2016-02-23 15:55:27: (network_writev.c.293) write failed: Bad address 8 
2016-02-23 15:55:27: (mod_fastcgi.c.2937) write failed: Bad address 14 
2016-02-23 16:11:29: (server.c.1563) server stopped by UID = 0 PID = 32124 
2016-02-23 16:11:34: (log.c.164) server started 
2016-02-23 16:11:34: (server.c.1044) WARNING: unknown config-key: server.read-timeout (ignored) 
2016-02-23 16:11:34: (server.c.1044) WARNING: unknown config-key: server.max-connection-idle (ignored) 
2016-02-23 16:11:56: (network_writev.c.266) toSend is negative: -524272 532576468992 1048560 0 
2016-02-23 16:11:56: (network_writev.c.293) write failed: Bad address 8 
2016-02-23 16:11:56: (mod_fastcgi.c.2937) write failed: Bad address 14 
2016-02-23 16:13:01: (network_writev.c.266) toSend is negative: -65527 4295491584 589815 0 
2016-02-23 16:13:01: (network_writev.c.293) write failed: Bad address 8 
2016-02-23 16:13:01: (mod_fastcgi.c.2937) write failed: Bad address 14 
2016-02-23 16:16:11: (server.c.1563) server stopped by UID = 0 PID = 32124 
2016-02-23 16:25:57: (log.c.164) server started 
2016-02-23 16:25:57: (server.c.1044) WARNING: unknown config-key: server.read-timeout (ignored) 
2016-02-23 16:25:57: (server.c.1044) WARNING: unknown config-key: server.max-connection-idle (ignored) 
2016-02-23 16:26:16: (network_writev.c.266) toSend is negative: -65527 532576468992 589815 0 
2016-02-23 16:26:16: (network_writev.c.293) write failed: Bad address 8 
2016-02-23 16:26:16: (mod_fastcgi.c.2937) write failed: Bad address 14 
2016-02-23 16:27:00: (network_writev.c.266) toSend is negative: -524272 4295491584 1048560 0 
2016-02-23 16:27:00: (network_writev.c.293) write failed: Bad address 8 
2016-02-23 16:27:00: (mod_fastcgi.c.2937) write failed: Bad address 14 
2016-02-23 16:29:39: (server.c.1563) server stopped by UID = 0 PID = 32124 
2016-02-23 16:59:36: (log.c.164) server started 
2016-02-23 16:59:36: (server.c.1044) WARNING: unknown config-key: server.read-timeout (ignored) 
2016-02-23 16:59:36: (server.c.1044) WARNING: unknown config-key: server.max-connection-idle (ignored) 
2016-02-23 17:09:00: (server.c.1563) server stopped by UID = 0 PID = 32124 
2016-02-23 17:09:04: (log.c.164) server started 
2016-02-23 17:09:04: (server.c.1044) WARNING: unknown config-key: server.read-timeout (ignored) 
2016-02-23 17:09:04: (server.c.1044) WARNING: unknown config-key: server.max-connection-idle (ignored) 
2016-02-23 17:09:28: (network_writev.c.266) toSend is negative: -524272 532576468992 1048560 0 
2016-02-23 17:09:28: (network_writev.c.293) write failed: Bad address 8 
2016-02-23 17:09:28: (mod_fastcgi.c.2937) write failed: Bad address 14 
2016-02-23 17:10:18: (network_writev.c.266) toSend is negative: -524272 4295491584 1048560 0 
2016-02-23 17:10:18: (network_writev.c.293) write failed: Bad address 8 
2016-02-23 17:10:18: (mod_fastcgi.c.2937) write failed: Bad address 14 
2016-02-23 17:11:14: (server.c.1563) server stopped by UID = 0 PID = 32124 
2016-02-23 17:11:15: (log.c.164) server started 
2016-02-23 17:11:15: (server.c.1044) WARNING: unknown config-key: server.read-timeout (ignored) 
2016-02-23 17:11:15: (server.c.1044) WARNING: unknown config-key: server.max-connection-idle (ignored) 
2016-02-23 17:11:52: (network_writev.c.266) toSend is negative: -524272 532576468992 1048560 0 
2016-02-23 17:11:52: (network_writev.c.293) write failed: Bad address 6 
2016-02-23 17:11:52: (mod_fastcgi.c.2937) write failed: Bad address 14 
2016-02-23 17:12:06: (network_writev.c.266) toSend is negative: -65527 4295491584 589815 0 
2016-02-23 17:12:06: (network_writev.c.293) write failed: Bad address 8 
2016-02-23 17:12:06: (mod_fastcgi.c.2937) write failed: Bad address 14 
2016-02-23 17:12:17: (network_writev.c.266) toSend is negative: -524272 4295491584 1048560 0 
2016-02-23 17:12:17: (network_writev.c.293) write failed: Bad address 8 
2016-02-23 17:12:17: (mod_fastcgi.c.2937) write failed: Bad address 14 
2016-02-23 17:13:05: (server.c.1563) server stopped by UID = 0 PID = 32124 
2016-02-23 17:13:07: (log.c.164) server started 
2016-02-23 17:13:07: (server.c.1044) WARNING: unknown config-key: server.read-timeout (ignored) 
2016-02-23 17:13:07: (server.c.1044) WARNING: unknown config-key: server.max-connection-idle (ignored) 
2016-02-23 17:13:27: (network_writev.c.266) toSend is negative: -524272 532576468992 1048560 0 
2016-02-23 17:13:27: (network_writev.c.293) write failed: Bad address 7 
2016-02-23 17:13:27: (mod_fastcgi.c.2937) write failed: Bad address 14 
2016-02-23 17:15:43: (server.c.1563) server stopped by UID = 0 PID = 32124 
2016-02-23 17:15:45: (log.c.164) server started 
2016-02-23 17:15:45: (server.c.1044) WARNING: unknown config-key: server.read-timeout (ignored) 
2016-02-23 17:15:45: (server.c.1044) WARNING: unknown config-key: server.max-connection-idle (ignored) 
2016-02-23 17:16:06: (network_writev.c.266) toSend is negative: -524272 532576468992 1048560 0 
2016-02-23 17:16:06: (network_writev.c.293) write failed: Bad address 9 
2016-02-23 17:16:06: (mod_fastcgi.c.2937) write failed: Bad address 14 
2016-02-23 17:18:20: (server.c.1563) server stopped by UID = 0 PID = 32124 
2016-02-23 17:18:22: (log.c.164) server started 
2016-02-23 17:18:22: (server.c.1044) WARNING: unknown config-key: server.read-timeout (ignored) 
2016-02-23 17:18:22: (server.c.1044) WARNING: unknown config-key: server.max-connection-idle (ignored) 
2016-02-23 17:18:52: (network_writev.c.266) toSend is negative: -524272 532576468992 1048560 0 
2016-02-23 17:18:52: (network_writev.c.293) write failed: Bad address 6 
2016-02-23 17:18:52: (mod_fastcgi.c.2937) write failed: Bad address 14 
2016-02-23 17:31:26: (server.c.1563) server stopped by UID = 0 PID = 32124 
2016-02-23 17:31:29: (log.c.164) server started 
2016-02-23 17:31:29: (server.c.1044) WARNING: unknown config-key: server.read-timeout (ignored) 
2016-02-23 17:31:29: (server.c.1044) WARNING: unknown config-key: server.max-connection-idle (ignored) 
2016-02-23 17:31:55: (network_writev.c.266) toSend is negative: -524272 532576468992 1048560 0 
2016-02-23 17:31:55: (network_writev.c.293) write failed: Bad address 7 
2016-02-23 17:31:55: (mod_fastcgi.c.2937) write failed: Bad address 14 
2016-02-23 17:36:55: (server.c.1563) server stopped by UID = 0 PID = 32124 
2016-02-23 17:36:57: (log.c.164) server started 
2016-02-23 17:37:52: (network_writev.c.266) toSend is negative: -524272 532576468992 1048560 0 
2016-02-23 17:37:52: (network_writev.c.293) write failed: Bad address 8 
2016-02-23 17:37:52: (mod_fastcgi.c.2937) write failed: Bad address 14 
2016-02-23 17:48:56: (server.c.1563) server stopped by UID = 0 PID = 32124 
2016-02-23 17:48:59: (log.c.164) server started 
2016-02-23 17:48:59: (configfile-glue.c.162) ERROR: unexpected type for key: allow-x-send-file (string) "(enable|disable)" 
2016-02-23 17:48:59: (server.c.1021) Configuration of plugins failed. Going down. 
2016-02-23 17:49:33: (log.c.164) server started 
2016-02-23 17:49:33: (configfile-glue.c.162) ERROR: unexpected type for key: allow-x-send-file (string) "(enable|disable)" 
2016-02-23 17:49:33: (server.c.1021) Configuration of plugins failed. Going down. 
2016-02-23 17:50:15: (log.c.164) server started 
2016-02-23 17:50:42: (network_writev.c.266) toSend is negative: -524272 532576468992 1048560 0 
2016-02-23 17:50:42: (network_writev.c.293) write failed: Bad address 9 
2016-02-23 17:50:42: (mod_fastcgi.c.2937) write failed: Bad address 14 
2016-02-23 17:57:49: (server.c.1563) server stopped by UID = 0 PID = 32124 
2016-02-23 18:15:29: (log.c.164) server started 
2016-02-23 20:34:33: (server.c.1563) server stopped by UID = 0 PID = 1024 
2016-02-23 20:35:31: (log.c.164) server started 
2016-02-23 20:35:31: (configfile-glue.c.157) ERROR: unexpected value for key: allow-x-send-file enabe (enable|disable) 
2016-02-23 20:35:31: (server.c.1021) Configuration of plugins failed. Going down. 
2016-02-23 20:37:21: (log.c.164) server started 
2016-02-23 20:37:21: (configfile-glue.c.157) ERROR: unexpected value for key: allow-x-send-file enabe (enable|disable) 
2016-02-23 20:37:21: (server.c.1021) Configuration of plugins failed. Going down. 
2016-02-23 20:52:40: (log.c.164) server started 
2016-02-23 20:53:04: (network_writev.c.266) toSend is negative: -524272 532576468992 1048560 0 
2016-02-23 20:53:04: (network_writev.c.293) write failed: Bad address 8 
2016-02-23 20:53:04: (mod_fastcgi.c.2937) write failed: Bad address 14 
2016-02-23 20:56:33: (server.c.1563) server stopped by UID = 0 PID = 1063 
2016-02-23 20:56:41: (log.c.164) server started 
2016-02-23 20:56:59: (network_writev.c.266) toSend is negative: -524272 532576468992 1048560 0 
2016-02-23 20:56:59: (network_writev.c.293) write failed: Bad address 10 
2016-02-23 20:56:59: (mod_fastcgi.c.2937) write failed: Bad address 14 
2016-02-23 21:08:46: (network_writev.c.266) toSend is negative: -524272 4295491584 1048560 0 
2016-02-23 21:08:46: (network_writev.c.293) write failed: Bad address 9 
2016-02-23 21:08:46: (mod_fastcgi.c.2937) write failed: Bad address 14 
2016-02-23 21:25:35: (network_writev.c.266) toSend is negative: -524272 4295491584 1048560 0 
2016-02-23 21:25:35: (network_writev.c.293) write failed: Bad address 10 
2016-02-23 21:25:35: (mod_fastcgi.c.2937) write failed: Bad address 14 
2016-02-24 17:25:33: (server.c.1563) server stopped by UID = 0 PID = 1923 
2016-02-24 17:25:47: (log.c.164) server started 
2016-02-25 08:56:05: (server.c.1563) server stopped by UID = 0 PID = 30548 
2016-02-25 09:05:25: (log.c.164) server started 
2016-02-25 09:17:37: (mod_fastcgi.c.1745) connect failed: No such file or directory on unix:/opt/tmp/php.socket-0 
2016-02-25 09:17:37: (mod_fastcgi.c.2864) backend died; we'll disable it for 1 seconds and send the request to another backend instead: reconnects: 0 load: 1 
2016-02-25 09:17:38: (mod_fastcgi.c.3432) all handlers for /index.php?dir=//Photo%20camera on .php are down. 
2016-02-25 09:17:39: (mod_fastcgi.c.2622) fcgi-server re-enabled:  0 /opt/tmp/php.socket 
2016-02-25 09:17:43: (mod_fastcgi.c.1745) connect failed: No such file or directory on unix:/opt/tmp/php.socket-0 
2016-02-25 09:17:43: (mod_fastcgi.c.2864) backend died; we'll disable it for 1 seconds and send the request to another backend instead: reconnects: 0 load: 1 
2016-02-25 09:17:45: (mod_fastcgi.c.2622) fcgi-server re-enabled:  0 /opt/tmp/php.socket 
2016-02-25 09:18:10: (server.c.1563) server stopped by UID = 0 PID = 30548 
2016-02-25 09:18:28: (log.c.164) server started 
2016-02-25 16:50:03: (server.c.1563) server stopped by UID = 0 PID = 4663 
2016-02-25 16:50:16: (log.c.164) server started 
2016-02-25 16:58:02: (server.c.1563) server stopped by UID = 0 PID = 4663 
2016-02-25 16:59:09: (log.c.164) server started 
